{
  "0 debug pnpm:scope": {
    "selected": 1,
    "workspacePrefix": "/home/sheys/findout/findout-trivia"
  },
  "1 error pnpm": {
    "code": "ELIFECYCLE",
    "errno": "ENOENT",
    "syscall": "spawn",
    "file": "sh",
    "pkgid": "frontend@0.1.0",
    "stage": "dev",
    "script": "next dev",
    "pkgname": "frontend",
    "err": {
      "name": "Error",
      "message": "frontend@0.1.0 dev: `next dev`\nspawn ENOENT",
      "code": "ELIFECYCLE",
      "stack": "Error: frontend@0.1.0 dev: `next dev`\nspawn ENOENT\n    at ChildProcess.<anonymous> (/home/sheys/.node/corepack/pnpm/6.11.0/dist/pnpm.cjs:93073:22)\n    at ChildProcess.emit (node:events:526:28)\n    at maybeClose (node:internal/child_process:1092:16)\n    at Process.ChildProcess._handle.onexit (node:internal/child_process:302:5)"
    }
  }
}